[0.208s] Invoking command in '/home/xplore/chienpanze/xre-legged-dog/build/chienpanze_controller_interface': CMAKE_PREFIX_PATH=${CMAKE_PREFIX_PATH}:/opt/ros/humble /usr/bin/cmake /home/xplore/chienpanze/xre-legged-dog/xre_chienpanze/src/chienpanze_controllers -DAMENT_CMAKE_SYMLINK_INSTALL=1 -DCMAKE_INSTALL_PREFIX=/home/xplore/chienpanze/xre-legged-dog/install/chienpanze_controller_interface
[0.782s] -- The C compiler identification is GNU 11.4.0
[1.701s] -- The CXX compiler identification is GNU 11.4.0
[1.787s] -- Detecting C compiler ABI info
[2.445s] -- Detecting C compiler ABI info - done
[2.490s] -- Check for working C compiler: /usr/bin/cc - skipped
[2.498s] -- Detecting C compile features
[2.504s] -- Detecting C compile features - done
[2.532s] -- Detecting CXX compiler ABI info
[3.119s] -- Detecting CXX compiler ABI info - done
[3.156s] -- Check for working CXX compiler: /usr/bin/c++ - skipped
[3.157s] -- Detecting CXX compile features
[3.159s] -- Detecting CXX compile features - done
[3.205s] -- Found ament_cmake: 1.3.8 (/opt/ros/humble/share/ament_cmake/cmake)
[4.408s] -- Found Python3: /usr/bin/python3 (found version "3.10.12") found components: Interpreter 
[4.879s] -- Override CMake install command with custom implementation using symlinks instead of copying resources
[5.357s] -- Found rclcpp: 16.0.8 (/opt/ros/humble/share/rclcpp/cmake)
[5.942s] -- Found rosidl_generator_c: 3.1.5 (/opt/ros/humble/share/rosidl_generator_c/cmake)
[6.012s] -- Found rosidl_adapter: 3.1.5 (/opt/ros/humble/share/rosidl_adapter/cmake)
[6.118s] -- Found rosidl_generator_cpp: 3.1.5 (/opt/ros/humble/share/rosidl_generator_cpp/cmake)
[6.257s] -- Using all available rosidl_typesupport_c: rosidl_typesupport_fastrtps_c;rosidl_typesupport_introspection_c
[6.449s] -- Using all available rosidl_typesupport_cpp: rosidl_typesupport_fastrtps_cpp;rosidl_typesupport_introspection_cpp
[7.081s] -- Found rmw_implementation_cmake: 6.1.1 (/opt/ros/humble/share/rmw_implementation_cmake/cmake)
[7.123s] -- Found rmw_fastrtps_cpp: 6.2.6 (/opt/ros/humble/share/rmw_fastrtps_cpp/cmake)
[8.103s] -- Found OpenSSL: /usr/lib/aarch64-linux-gnu/libcrypto.so (found version "3.0.2")  
[8.475s] -- Found FastRTPS: /opt/ros/humble/include  
[9.110s] -- Using RMW implementation 'rmw_fastrtps_cpp' as default
[9.240s] -- Looking for pthread.h
[9.738s] -- Looking for pthread.h - found
[9.741s] -- Performing Test CMAKE_HAVE_LIBC_PTHREAD
[10.301s] -- Performing Test CMAKE_HAVE_LIBC_PTHREAD - Success
[10.309s] -- Found Threads: TRUE  
[11.356s] -- Found rclcpp_lifecycle: 16.0.8 (/opt/ros/humble/share/rclcpp_lifecycle/cmake)
[11.673s] -- Found controller_interface: 2.40.0 (/opt/ros/humble/share/controller_interface/cmake)
[17.190s] -- Configuring done
[17.428s] -- Generating done
[17.440s] -- Build files have been written to: /home/xplore/chienpanze/xre-legged-dog/build/chienpanze_controller_interface
[17.504s] Invoked command in '/home/xplore/chienpanze/xre-legged-dog/build/chienpanze_controller_interface' returned '0': CMAKE_PREFIX_PATH=${CMAKE_PREFIX_PATH}:/opt/ros/humble /usr/bin/cmake /home/xplore/chienpanze/xre-legged-dog/xre_chienpanze/src/chienpanze_controllers -DAMENT_CMAKE_SYMLINK_INSTALL=1 -DCMAKE_INSTALL_PREFIX=/home/xplore/chienpanze/xre-legged-dog/install/chienpanze_controller_interface
[17.511s] Invoking command in '/home/xplore/chienpanze/xre-legged-dog/build/chienpanze_controller_interface': CMAKE_PREFIX_PATH=${CMAKE_PREFIX_PATH}:/opt/ros/humble /usr/bin/cmake --build /home/xplore/chienpanze/xre-legged-dog/build/chienpanze_controller_interface -- -j4 -l4
[17.842s] [ 50%] [32mBuilding CXX object CMakeFiles/chienpanze_controller_interface.dir/src/chienpanze_controller_interface.cpp.o[0m
[21.056s] [01m[K/home/xplore/chienpanze/xre-legged-dog/xre_chienpanze/src/chienpanze_controllers/src/chienpanze_controller_interface.cpp:2:10:[m[K [01;31m[Kfatal error: [m[Krclcpp.lifecycle/lifecycle_node.hpp: No such file or directory
[21.057s]     2 | #include [01;31m[K<rclcpp.lifecycle/lifecycle_node.hpp>[m[K
[21.058s]       |          [01;31m[K^~~~~~~~~~~~~~~~~~~~~~~~~~~~~~~~~~~~~[m[K
[21.059s] compilation terminated.
[21.074s] gmake[2]: *** [CMakeFiles/chienpanze_controller_interface.dir/build.make:76: CMakeFiles/chienpanze_controller_interface.dir/src/chienpanze_controller_interface.cpp.o] Error 1
[21.078s] gmake[1]: *** [CMakeFiles/Makefile2:137: CMakeFiles/chienpanze_controller_interface.dir/all] Error 2
[21.079s] gmake: *** [Makefile:146: all] Error 2
[21.087s] Invoked command in '/home/xplore/chienpanze/xre-legged-dog/build/chienpanze_controller_interface' returned '2': CMAKE_PREFIX_PATH=${CMAKE_PREFIX_PATH}:/opt/ros/humble /usr/bin/cmake --build /home/xplore/chienpanze/xre-legged-dog/build/chienpanze_controller_interface -- -j4 -l4
